{"C:\\Users\\sonia\\Documents\\Programacion\\My Work\\Photo-album\\FS-Photo-Album\\updated_photoalbum\\server\\src\\models\\album.ts": {"path":"C:\\Users\\sonia\\Documents\\Programacion\\My Work\\Photo-album\\FS-Photo-Album\\updated_photoalbum\\server\\src\\models\\album.ts","statementMap":{"0":{"start":{"line":3,"column":20},"end":{"line":13,"column":null}},"1":{"start":{"line":15,"column":21},"end":{"line":15,"column":null}}},"fnMap":{},"branchMap":{},"s":{"0":3,"1":3},"f":{},"b":{},"meta":{"lastBranch":0,"lastFunction":0,"lastStatement":2,"seen":{"s:3:20:13:Infinity":0,"s:15:21:15:Infinity":1}}}
,"C:\\Users\\sonia\\Documents\\Programacion\\My Work\\Photo-album\\FS-Photo-Album\\updated_photoalbum\\server\\src\\models\\image.ts": {"path":"C:\\Users\\sonia\\Documents\\Programacion\\My Work\\Photo-album\\FS-Photo-Album\\updated_photoalbum\\server\\src\\models\\image.ts","statementMap":{"0":{"start":{"line":3,"column":20},"end":{"line":14,"column":null}},"1":{"start":{"line":16,"column":21},"end":{"line":16,"column":null}}},"fnMap":{},"branchMap":{},"s":{"0":3,"1":3},"f":{},"b":{},"meta":{"lastBranch":0,"lastFunction":0,"lastStatement":2,"seen":{"s:3:20:14:Infinity":0,"s:16:21:16:Infinity":1}}}
}
